{"uuid":"2cadb99b-5fad-469d-ac84-8a1200256507","historyId":"414cb9d497574f860d147f713531cea1","testCaseId":"[engine:junit-jupiter]/[class:uk.co.twoitesting.myOrdersTest.tests.orderNumberCodeDump]/[method:orderNumberTest()]","testCaseName":"orderNumberTest()","fullName":"uk.co.twoitesting.myOrdersTest.tests.orderNumberCodeDump.orderNumberTest","labels":[{"name":"junit.platform.uniqueid","value":"[engine:junit-jupiter]/[class:uk.co.twoitesting.myOrdersTest.tests.orderNumberCodeDump]/[method:orderNumberTest()]"},{"name":"host","value":"2I-2P39Y84"},{"name":"thread","value":"33120@2I-2P39Y84.main(1)"},{"name":"framework","value":"junit-platform"},{"name":"language","value":"java"},{"name":"package","value":"uk.co.twoitesting.myOrdersTest.tests.orderNumberCodeDump"},{"name":"testClass","value":"uk.co.twoitesting.myOrdersTest.tests.orderNumberCodeDump"},{"name":"testMethod","value":"orderNumberTest"},{"name":"suite","value":"uk.co.twoitesting.myOrdersTest.tests.orderNumberCodeDump"}],"links":[],"name":"orderNumberTest()","status":"broken","statusDetails":{"known":false,"muted":false,"flaky":false,"message":"Unable to obtain: chromedriver, error chromedriver must exist: C:\\WebDrivers\\chromedriver.exe\nFor documentation on this error, please visit: https://www.selenium.dev/documentation/webdriver/troubleshooting/errors/driver_location/\nBuild info: version: '4.35.0', revision: '1c58e5028b'\nSystem info: os.name: 'Windows 11', os.arch: 'amd64', os.version: '10.0', java.version: '21.0.8'\nDriver info: driver.version: ChromeDriver","trace":"org.openqa.selenium.remote.NoSuchDriverException: Unable to obtain: chromedriver, error chromedriver must exist: C:\\WebDrivers\\chromedriver.exe\nFor documentation on this error, please visit: https://www.selenium.dev/documentation/webdriver/troubleshooting/errors/driver_location/\nBuild info: version: '4.35.0', revision: '1c58e5028b'\nSystem info: os.name: 'Windows 11', os.arch: 'amd64', os.version: '10.0', java.version: '21.0.8'\nDriver info: driver.version: ChromeDriver\r\n\tat org.openqa.selenium.remote.service.DriverFinder.getBinaryPaths(DriverFinder.java:124)\r\n\tat org.openqa.selenium.remote.service.DriverFinder.getDriverPath(DriverFinder.java:55)\r\n\tat org.openqa.selenium.chrome.ChromeDriver.generateExecutor(ChromeDriver.java:99)\r\n\tat org.openqa.selenium.chrome.ChromeDriver.<init>(ChromeDriver.java:88)\r\n\tat org.openqa.selenium.chrome.ChromeDriver.<init>(ChromeDriver.java:83)\r\n\tat org.openqa.selenium.chrome.ChromeDriver.<init>(ChromeDriver.java:72)\r\n\tat uk.co.twoitesting.discountTest.basetests.baseTest.setUP(baseTest.java:30)\r\n\tat java.base/java.lang.reflect.Method.invoke(Method.java:580)\r\n\tat java.base/java.util.ArrayList.forEach(ArrayList.java:1596)\r\n\tat java.base/java.util.ArrayList.forEach(ArrayList.java:1596)\r\nCaused by: java.lang.IllegalStateException: chromedriver must exist: C:\\WebDrivers\\chromedriver.exe\r\n\tat org.openqa.selenium.internal.Require$PathStateChecker.isExecutable(Require.java:370)\r\n\tat org.openqa.selenium.remote.service.DriverFinder.getBinaryPaths(DriverFinder.java:121)\r\n\t... 9 more\r\n"},"stage":"finished","description":"","steps":[],"attachments":[],"parameters":[],"start":1758049283343,"stop":1758049285456}